<?xml version="1.0" encoding="UTF-8"?>
<!-- Generated by org.testng.reporters.JUnitReportReporter -->
<testsuite skipped="0" hostname="CMKLPT01" name="qa.PageLayer.base_class" tests="1" failures="0" timestamp="17 Aug 2021 18:12:18 GMT" time="7.813" errors="0">
  <testcase name="LoginApplication" time="7.813" classname="qa.PageLayer.base_class"/>
</testsuite> <!-- qa.PageLayer.base_class -->
