<?xml version="1.0" encoding="UTF-8"?>
<!-- Generated by org.testng.reporters.JUnitReportReporter -->
<testsuite skipped="0" hostname="CMKLPT01" name="qa.testcases.SearchPageTest" tests="3" failures="0" timestamp="19 Aug 2021 03:55:37 GMT" time="34.710" errors="0">
  <testcase name="TakeScreenshot" time="9.334" classname="qa.testcases.SearchPageTest"/>
  <testcase name="ValidateTitleTest" time="9.861" classname="qa.testcases.SearchPageTest"/>
  <testcase name="ClickItineraryTest" time="15.515" classname="qa.testcases.SearchPageTest"/>
</testsuite> <!-- qa.testcases.SearchPageTest -->
